0 info it worked if it ends with ok
1 verbose cli [ 'node', '/usr/local/bin/npm', 'owner', 'ls', 'learn-about-me' ]
2 info using npm@2.5.1
3 info using node@v0.12.0
4 silly mapToRegistry name learn-about-me
5 silly mapToRegistry using default registry
6 silly mapToRegistry registry https://registry.npmjs.org/
7 silly mapToRegistry uri https://registry.npmjs.org/learn-about-me
8 verbose request uri https://registry.npmjs.org/learn-about-me
9 verbose request no auth needed
10 info attempt registry request try #1 at 10:55:20 PM
11 verbose request id 47111cc9e64acbac
12 http request GET https://registry.npmjs.org/learn-about-me
13 http 404 https://registry.npmjs.org/learn-about-me
14 verbose headers { 'content-type': 'application/json',
14 verbose headers   'cache-control': 'max-age=0',
14 verbose headers   'content-length': '2',
14 verbose headers   'accept-ranges': 'bytes',
14 verbose headers   date: 'Thu, 27 Aug 2015 02:52:44 GMT',
14 verbose headers   via: '1.1 varnish',
14 verbose headers   age: '0',
14 verbose headers   connection: 'keep-alive',
14 verbose headers   'x-served-by': 'cache-jfk1028-JFK',
14 verbose headers   'x-cache': 'MISS',
14 verbose headers   'x-cache-hits': '0',
14 verbose headers   'x-timer': 'S1440643963.753821,VS0,VE374' }
15 silly get cb [ 404,
15 silly get   { 'content-type': 'application/json',
15 silly get     'cache-control': 'max-age=0',
15 silly get     'content-length': '2',
15 silly get     'accept-ranges': 'bytes',
15 silly get     date: 'Thu, 27 Aug 2015 02:52:44 GMT',
15 silly get     via: '1.1 varnish',
15 silly get     age: '0',
15 silly get     connection: 'keep-alive',
15 silly get     'x-served-by': 'cache-jfk1028-JFK',
15 silly get     'x-cache': 'MISS',
15 silly get     'x-cache-hits': '0',
15 silly get     'x-timer': 'S1440643963.753821,VS0,VE374' } ]
16 error owner ls Couldn't get owner data learn-about-me
17 verbose stack Error: Registry returned 404 for GET on https://registry.npmjs.org/learn-about-me
17 verbose stack     at CachingRegistryClient.<anonymous> (/usr/local/lib/node_modules/npm/node_modules/npm-registry-client/lib/request.js:244:14)
17 verbose stack     at Request._callback (/usr/local/lib/node_modules/npm/node_modules/npm-registry-client/lib/request.js:178:14)
17 verbose stack     at Request.self.callback (/usr/local/lib/node_modules/npm/node_modules/request/request.js:344:22)
17 verbose stack     at Request.emit (events.js:110:17)
17 verbose stack     at Request.<anonymous> (/usr/local/lib/node_modules/npm/node_modules/request/request.js:1239:14)
17 verbose stack     at Request.emit (events.js:129:20)
17 verbose stack     at IncomingMessage.<anonymous> (/usr/local/lib/node_modules/npm/node_modules/request/request.js:1187:12)
17 verbose stack     at IncomingMessage.emit (events.js:129:20)
17 verbose stack     at _stream_readable.js:908:16
17 verbose stack     at process._tickCallback (node.js:355:11)
18 verbose statusCode 404
19 verbose pkgid learn-about-me
20 verbose cwd /Users/kristofer/Sites/node-sandbox/express/lam
21 error Darwin 14.0.0
22 error argv "node" "/usr/local/bin/npm" "owner" "ls" "learn-about-me"
23 error node v0.12.0
24 error npm  v2.5.1
25 error code E404
26 error 404 Registry returned 404 for GET on https://registry.npmjs.org/learn-about-me
26 error 404
26 error 404 'learn-about-me' is not in the npm registry.
26 error 404 You should bug the author to publish it (or use the name yourself!)
26 error 404
26 error 404 Note that you can also install from a
26 error 404 tarball, folder, http url, or git url.
27 verbose exit [ 1, true ]
